[ 2017-08-12T16:06:39+08:00 ] 127.0.0.1 /
SQL: SHOW COLUMNS FROM `onethink_category` [ RunTime:0.282770s ]
SQL: SELECT `id`,`name`,`title`,`pid`,`sort`,`list_row`,`meta_title`,`keywords`,`description`,`template_index`,`template_lists`,`template_detail`,`template_edit`,`model`,`type`,`link_id`,`allow_publish`,`display`,`reply`,`check`,`reply_model`,`extend`,`create_time`,`update_time`,`status`,`icon` FROM `onethink_category` WHERE ( `status` = 1 ) ORDER BY sort  [ RunTime:0.000599s ]
SQL: SHOW COLUMNS FROM `onethink_document` [ RunTime:0.137244s ]
SQL: SELECT `id`,`uid`,`name`,`title`,`category_id`,`description`,`root`,`pid`,`model_id`,`type`,`position`,`link_id`,`cover_id`,`display`,`deadline`,`attach`,`view`,`comment`,`extend`,`level`,`create_time`,`update_time`,`status` FROM `onethink_document` WHERE ( `status` = 1 ) AND ( `pid` = 0 ) AND ( `create_time` < 1502525196 ) AND ( deadline = 0 OR deadline > 1502525196 ) ORDER BY `id` DESC  [ RunTime:0.001568s ]
INFO: [ view_parse ] --START--
INFO: [ template_filter ] --START--
INFO: Run Behavior\ContentReplace [ RunTime:0.000148s ]
INFO: [ template_filter ] --END-- [ RunTime:0.002720s ]
INFO: Run Behavior\ParseTemplate [ RunTime:1.478316s ]
INFO: [ view_parse ] --END-- [ RunTime:1.478391s ]
INFO: [ view_filter ] --START--
INFO: Run Behavior\WriteHtmlCache [ RunTime:0.075972s ]
INFO: [ view_filter ] --END-- [ RunTime:0.076041s ]
INFO: [ app_end ] --START--
INFO: Run Behavior\ShowPageTrace [ RunTime:0.082529s ]
INFO: [ app_end ] --END-- [ RunTime:0.082615s ]

[ 2017-08-12T16:06:39+08:00 ] 127.0.0.1 /
SQL: SHOW COLUMNS FROM `onethink_category` [ RunTime:0.367161s ]
SQL: SELECT `id`,`name`,`title`,`pid`,`sort`,`list_row`,`meta_title`,`keywords`,`description`,`template_index`,`template_lists`,`template_detail`,`template_edit`,`model`,`type`,`link_id`,`allow_publish`,`display`,`reply`,`check`,`reply_model`,`extend`,`create_time`,`update_time`,`status`,`icon` FROM `onethink_category` WHERE ( `status` = 1 ) ORDER BY sort  [ RunTime:0.000616s ]
SQL: SHOW COLUMNS FROM `onethink_document` [ RunTime:0.324071s ]
SQL: SELECT `id`,`uid`,`name`,`title`,`category_id`,`description`,`root`,`pid`,`model_id`,`type`,`position`,`link_id`,`cover_id`,`display`,`deadline`,`attach`,`view`,`comment`,`extend`,`level`,`create_time`,`update_time`,`status` FROM `onethink_document` WHERE ( `status` = 1 ) AND ( `pid` = 0 ) AND ( `create_time` < 1502525194 ) AND ( deadline = 0 OR deadline > 1502525194 ) ORDER BY `id` DESC  [ RunTime:0.000605s ]
INFO: [ view_parse ] --START--
INFO: [ template_filter ] --START--
INFO: Run Behavior\ContentReplace [ RunTime:0.000309s ]
INFO: [ template_filter ] --END-- [ RunTime:0.000406s ]
INFO: Run Behavior\ParseTemplate [ RunTime:1.343434s ]
INFO: [ view_parse ] --END-- [ RunTime:1.343523s ]
INFO: [ view_filter ] --START--
INFO: Run Behavior\WriteHtmlCache [ RunTime:0.000601s ]
INFO: [ view_filter ] --END-- [ RunTime:0.000664s ]
INFO: [ app_end ] --START--
INFO: Run Behavior\ShowPageTrace [ RunTime:0.134910s ]
INFO: [ app_end ] --END-- [ RunTime:0.134978s ]

[ 2017-08-12T16:06:44+08:00 ] 127.0.0.1 /index.php?s=/Home/Notice/index.html
SQL: SHOW COLUMNS FROM `onethink_document` [ RunTime:0.058259s ]
SQL: SELECT d.id,d.title,da.path,d.create_time,d.view FROM onethink_document d INNER JOIN onethink_picture da  ON d.id = da.id   [ RunTime:0.002081s ]
INFO: [ view_parse ] --START--
INFO: [ template_filter ] --START--
INFO: Run Behavior\ContentReplace [ RunTime:0.000057s ]
INFO: [ template_filter ] --END-- [ RunTime:0.000121s ]
NOTIC: [8] Undefined index: description D:\OneThink\wwwroot\Runtime\Cache\Home\b6712068d68b0f23e361fceccafe8f1a.php 第 61 行.
NOTIC: [8] Undefined index: description D:\OneThink\wwwroot\Runtime\Cache\Home\b6712068d68b0f23e361fceccafe8f1a.php 第 61 行.
NOTIC: [8] Undefined index: description D:\OneThink\wwwroot\Runtime\Cache\Home\b6712068d68b0f23e361fceccafe8f1a.php 第 61 行.
INFO: Run Behavior\ParseTemplate [ RunTime:0.065945s ]
INFO: [ view_parse ] --END-- [ RunTime:0.066001s ]
INFO: [ view_filter ] --START--
INFO: Run Behavior\WriteHtmlCache [ RunTime:0.000299s ]
INFO: [ view_filter ] --END-- [ RunTime:0.000344s ]
INFO: [ app_end ] --START--
INFO: Run Behavior\ShowPageTrace [ RunTime:0.000574s ]
INFO: [ app_end ] --END-- [ RunTime:0.000629s ]

[ 2017-08-12T16:06:59+08:00 ] 127.0.0.1 /index.php?s=/Home/Notice/detail/id/1.html
SQL: SHOW COLUMNS FROM `onethink_document` [ RunTime:0.076895s ]
SQL: SELECT d.id,d.title,da.content,d.create_time FROM onethink_document d INNER JOIN onethink_document_article da  ON d.id = da.id  WHERE ( d.id = '1' )  [ RunTime:0.002794s ]
INFO: [ view_parse ] --START--
INFO: [ template_filter ] --START--
INFO: Run Behavior\ContentReplace [ RunTime:0.000079s ]
INFO: [ template_filter ] --END-- [ RunTime:0.000183s ]
INFO: Run Behavior\ParseTemplate [ RunTime:0.030282s ]
INFO: [ view_parse ] --END-- [ RunTime:0.030418s ]
INFO: [ view_filter ] --START--
INFO: Run Behavior\WriteHtmlCache [ RunTime:0.000289s ]
INFO: [ view_filter ] --END-- [ RunTime:0.000332s ]
INFO: [ app_end ] --START--
INFO: Run Behavior\ShowPageTrace [ RunTime:0.000578s ]
INFO: [ app_end ] --END-- [ RunTime:0.000631s ]

[ 2017-08-12T16:07:11+08:00 ] 127.0.0.1 /index.php?s=/Home/Notice/detail/id/2.html
SQL: SHOW COLUMNS FROM `onethink_document` [ RunTime:0.198152s ]
SQL: SELECT d.id,d.title,da.content,d.create_time FROM onethink_document d INNER JOIN onethink_document_article da  ON d.id = da.id  WHERE ( d.id = '2' )  [ RunTime:0.000456s ]
INFO: [ view_parse ] --START--
INFO: [ template_filter ] --START--
INFO: Run Behavior\ContentReplace [ RunTime:0.000068s ]
INFO: [ template_filter ] --END-- [ RunTime:0.000146s ]
INFO: Run Behavior\ParseTemplate [ RunTime:0.022481s ]
INFO: [ view_parse ] --END-- [ RunTime:0.022571s ]
INFO: [ view_filter ] --START--
INFO: Run Behavior\WriteHtmlCache [ RunTime:0.000300s ]
INFO: [ view_filter ] --END-- [ RunTime:0.000346s ]
INFO: [ app_end ] --START--
INFO: Run Behavior\ShowPageTrace [ RunTime:0.000624s ]
INFO: [ app_end ] --END-- [ RunTime:0.000690s ]

[ 2017-08-12T16:42:19+08:00 ] 127.0.0.1 /
SQL: SHOW COLUMNS FROM `onethink_category` [ RunTime:0.073470s ]
SQL: SELECT `id`,`name`,`title`,`pid`,`sort`,`list_row`,`meta_title`,`keywords`,`description`,`template_index`,`template_lists`,`template_detail`,`template_edit`,`model`,`type`,`link_id`,`allow_publish`,`display`,`reply`,`check`,`reply_model`,`extend`,`create_time`,`update_time`,`status`,`icon` FROM `onethink_category` WHERE ( `status` = 1 ) ORDER BY sort  [ RunTime:0.000810s ]
SQL: SHOW COLUMNS FROM `onethink_document` [ RunTime:0.064434s ]
SQL: SELECT `id`,`uid`,`name`,`title`,`category_id`,`description`,`root`,`pid`,`model_id`,`type`,`position`,`link_id`,`cover_id`,`display`,`deadline`,`attach`,`view`,`comment`,`extend`,`level`,`create_time`,`update_time`,`status` FROM `onethink_document` WHERE ( `status` = 1 ) AND ( `pid` = 0 ) AND ( `create_time` < 1502527338 ) AND ( deadline = 0 OR deadline > 1502527338 ) ORDER BY `id` DESC  [ RunTime:0.001533s ]
INFO: [ view_parse ] --START--
INFO: [ template_filter ] --START--
INFO: Run Behavior\ContentReplace [ RunTime:0.000123s ]
INFO: [ template_filter ] --END-- [ RunTime:0.000253s ]
INFO: Run Behavior\ParseTemplate [ RunTime:0.252407s ]
INFO: [ view_parse ] --END-- [ RunTime:0.252537s ]
INFO: [ view_filter ] --START--
INFO: Run Behavior\WriteHtmlCache [ RunTime:0.000707s ]
INFO: [ view_filter ] --END-- [ RunTime:0.000773s ]
INFO: [ app_end ] --START--
INFO: Run Behavior\ShowPageTrace [ RunTime:0.001168s ]
INFO: [ app_end ] --END-- [ RunTime:0.001250s ]

[ 2017-08-12T16:42:20+08:00 ] 127.0.0.1 /
SQL: SHOW COLUMNS FROM `onethink_category` [ RunTime:0.015844s ]
SQL: SELECT `id`,`name`,`title`,`pid`,`sort`,`list_row`,`meta_title`,`keywords`,`description`,`template_index`,`template_lists`,`template_detail`,`template_edit`,`model`,`type`,`link_id`,`allow_publish`,`display`,`reply`,`check`,`reply_model`,`extend`,`create_time`,`update_time`,`status`,`icon` FROM `onethink_category` WHERE ( `status` = 1 ) ORDER BY sort  [ RunTime:0.000529s ]
SQL: SHOW COLUMNS FROM `onethink_document` [ RunTime:0.024552s ]
SQL: SELECT `id`,`uid`,`name`,`title`,`category_id`,`description`,`root`,`pid`,`model_id`,`type`,`position`,`link_id`,`cover_id`,`display`,`deadline`,`attach`,`view`,`comment`,`extend`,`level`,`create_time`,`update_time`,`status` FROM `onethink_document` WHERE ( `status` = 1 ) AND ( `pid` = 0 ) AND ( `create_time` < 1502527340 ) AND ( deadline = 0 OR deadline > 1502527340 ) ORDER BY `id` DESC  [ RunTime:0.000576s ]
INFO: [ view_parse ] --START--
INFO: [ template_filter ] --START--
INFO: Run Behavior\ContentReplace [ RunTime:0.000054s ]
INFO: [ template_filter ] --END-- [ RunTime:0.000103s ]
INFO: Run Behavior\ParseTemplate [ RunTime:0.010752s ]
INFO: [ view_parse ] --END-- [ RunTime:0.010869s ]
INFO: [ view_filter ] --START--
INFO: Run Behavior\WriteHtmlCache [ RunTime:0.000729s ]
INFO: [ view_filter ] --END-- [ RunTime:0.000810s ]
INFO: [ app_end ] --START--
INFO: Run Behavior\ShowPageTrace [ RunTime:0.003377s ]
INFO: [ app_end ] --END-- [ RunTime:0.003516s ]

[ 2017-08-12T16:42:23+08:00 ] 127.0.0.1 /index.php?s=/Home/Notice/index.html
SQL: SHOW COLUMNS FROM `onethink_document` [ RunTime:0.034585s ]
SQL: SELECT d.id,d.title,da.path,d.create_time,d.view FROM onethink_document d INNER JOIN onethink_picture da  ON d.id = da.id   [ RunTime:0.002033s ]
INFO: [ view_parse ] --START--
INFO: [ template_filter ] --START--
INFO: Run Behavior\ContentReplace [ RunTime:0.000069s ]
INFO: [ template_filter ] --END-- [ RunTime:0.000148s ]
NOTIC: [8] Undefined index: description D:\OneThink\wwwroot\Runtime\Cache\Home\b6712068d68b0f23e361fceccafe8f1a.php 第 61 行.
NOTIC: [8] Undefined index: description D:\OneThink\wwwroot\Runtime\Cache\Home\b6712068d68b0f23e361fceccafe8f1a.php 第 61 行.
NOTIC: [8] Undefined index: description D:\OneThink\wwwroot\Runtime\Cache\Home\b6712068d68b0f23e361fceccafe8f1a.php 第 61 行.
INFO: Run Behavior\ParseTemplate [ RunTime:0.100952s ]
INFO: [ view_parse ] --END-- [ RunTime:0.101042s ]
INFO: [ view_filter ] --START--
INFO: Run Behavior\WriteHtmlCache [ RunTime:0.000678s ]
INFO: [ view_filter ] --END-- [ RunTime:0.000741s ]
INFO: [ app_end ] --START--
INFO: Run Behavior\ShowPageTrace [ RunTime:0.000683s ]
INFO: [ app_end ] --END-- [ RunTime:0.000746s ]

[ 2017-08-12T16:43:32+08:00 ] 127.0.0.1 /index.php?s=/Home/Notice/index.html
SQL: SHOW COLUMNS FROM `onethink_document` [ RunTime:0.009557s ]
SQL: SELECT d..description,d.id,d.title,da.path,d.create_time,d.view FROM onethink_document d INNER JOIN onethink_picture da  ON d.id = da.id   [ RunTime:0.001271s ]
ERR: 1064:You have an error in your SQL syntax; check the manual that corresponds to your MySQL server version for the right syntax to use near '.description,d.id,d.title,da.path,d.create_time,d.view FROM onethink_document d ' at line 1
 [ SQL语句 ] : SELECT d..description,d.id,d.title,da.path,d.create_time,d.view FROM onethink_document d INNER JOIN onethink_picture da  ON d.id = da.id  
INFO: [ view_parse ] --START--
INFO: [ template_filter ] --START--
INFO: Run Behavior\ContentReplace [ RunTime:0.000060s ]
INFO: [ template_filter ] --END-- [ RunTime:0.000125s ]
INFO: Run Behavior\ParseTemplate [ RunTime:0.088910s ]
INFO: [ view_parse ] --END-- [ RunTime:0.088980s ]
INFO: [ view_filter ] --START--
INFO: Run Behavior\WriteHtmlCache [ RunTime:0.000451s ]
INFO: [ view_filter ] --END-- [ RunTime:0.000495s ]
INFO: [ app_end ] --START--
INFO: Run Behavior\ShowPageTrace [ RunTime:0.000597s ]
INFO: [ app_end ] --END-- [ RunTime:0.000633s ]

[ 2017-08-12T16:43:35+08:00 ] 127.0.0.1 /
SQL: SHOW COLUMNS FROM `onethink_category` [ RunTime:0.057984s ]
SQL: SELECT `id`,`name`,`title`,`pid`,`sort`,`list_row`,`meta_title`,`keywords`,`description`,`template_index`,`template_lists`,`template_detail`,`template_edit`,`model`,`type`,`link_id`,`allow_publish`,`display`,`reply`,`check`,`reply_model`,`extend`,`create_time`,`update_time`,`status`,`icon` FROM `onethink_category` WHERE ( `status` = 1 ) ORDER BY sort  [ RunTime:0.000467s ]
SQL: SHOW COLUMNS FROM `onethink_document` [ RunTime:0.015421s ]
SQL: SELECT `id`,`uid`,`name`,`title`,`category_id`,`description`,`root`,`pid`,`model_id`,`type`,`position`,`link_id`,`cover_id`,`display`,`deadline`,`attach`,`view`,`comment`,`extend`,`level`,`create_time`,`update_time`,`status` FROM `onethink_document` WHERE ( `status` = 1 ) AND ( `pid` = 0 ) AND ( `create_time` < 1502527415 ) AND ( deadline = 0 OR deadline > 1502527415 ) ORDER BY `id` DESC  [ RunTime:0.001106s ]
INFO: [ view_parse ] --START--
INFO: [ template_filter ] --START--
INFO: Run Behavior\ContentReplace [ RunTime:0.000116s ]
INFO: [ template_filter ] --END-- [ RunTime:0.000308s ]
INFO: Run Behavior\ParseTemplate [ RunTime:0.021675s ]
INFO: [ view_parse ] --END-- [ RunTime:0.021946s ]
INFO: [ view_filter ] --START--
INFO: Run Behavior\WriteHtmlCache [ RunTime:0.002520s ]
INFO: [ view_filter ] --END-- [ RunTime:0.002758s ]
INFO: [ app_end ] --START--
INFO: Run Behavior\ShowPageTrace [ RunTime:0.000956s ]
INFO: [ app_end ] --END-- [ RunTime:0.001022s ]

[ 2017-08-12T16:43:36+08:00 ] 127.0.0.1 /index.php?s=/Home/Notice/index.html
SQL: SHOW COLUMNS FROM `onethink_document` [ RunTime:0.021825s ]
SQL: SELECT d..description,d.id,d.title,da.path,d.create_time,d.view FROM onethink_document d INNER JOIN onethink_picture da  ON d.id = da.id   [ RunTime:0.000151s ]
ERR: 1064:You have an error in your SQL syntax; check the manual that corresponds to your MySQL server version for the right syntax to use near '.description,d.id,d.title,da.path,d.create_time,d.view FROM onethink_document d ' at line 1
 [ SQL语句 ] : SELECT d..description,d.id,d.title,da.path,d.create_time,d.view FROM onethink_document d INNER JOIN onethink_picture da  ON d.id = da.id  
INFO: [ view_parse ] --START--
INFO: [ template_filter ] --START--
INFO: Run Behavior\ContentReplace [ RunTime:0.000048s ]
INFO: [ template_filter ] --END-- [ RunTime:0.000088s ]
INFO: Run Behavior\ParseTemplate [ RunTime:0.007594s ]
INFO: [ view_parse ] --END-- [ RunTime:0.007812s ]
INFO: [ view_filter ] --START--
INFO: Run Behavior\WriteHtmlCache [ RunTime:0.001334s ]
INFO: [ view_filter ] --END-- [ RunTime:0.001466s ]
INFO: [ app_end ] --START--
INFO: Run Behavior\ShowPageTrace [ RunTime:0.000851s ]
INFO: [ app_end ] --END-- [ RunTime:0.000938s ]

[ 2017-08-12T16:43:41+08:00 ] 127.0.0.1 /index.php?s=/Home/Notice/index.html
SQL: SHOW COLUMNS FROM `onethink_document` [ RunTime:0.042671s ]
SQL: SELECT d.description,d.id,d.title,da.path,d.create_time,d.view FROM onethink_document d INNER JOIN onethink_picture da  ON d.id = da.id   [ RunTime:0.001532s ]
INFO: [ view_parse ] --START--
INFO: [ template_filter ] --START--
INFO: Run Behavior\ContentReplace [ RunTime:0.000108s ]
INFO: [ template_filter ] --END-- [ RunTime:0.000186s ]
INFO: Run Behavior\ParseTemplate [ RunTime:0.023553s ]
INFO: [ view_parse ] --END-- [ RunTime:0.023687s ]
INFO: [ view_filter ] --START--
INFO: Run Behavior\WriteHtmlCache [ RunTime:0.000317s ]
INFO: [ view_filter ] --END-- [ RunTime:0.000379s ]
INFO: [ app_end ] --START--
INFO: Run Behavior\ShowPageTrace [ RunTime:0.000495s ]
INFO: [ app_end ] --END-- [ RunTime:0.000541s ]

[ 2017-08-12T16:43:43+08:00 ] 127.0.0.1 /index.php?s=/Home/Notice/detail/id/1.html
SQL: SHOW COLUMNS FROM `onethink_document` [ RunTime:0.103177s ]
SQL: SELECT d.id,d.title,da.content,d.create_time FROM onethink_document d INNER JOIN onethink_document_article da  ON d.id = da.id  WHERE ( d.id = '1' )  [ RunTime:0.004131s ]
INFO: [ view_parse ] --START--
INFO: [ template_filter ] --START--
INFO: Run Behavior\ContentReplace [ RunTime:0.000105s ]
INFO: [ template_filter ] --END-- [ RunTime:0.000189s ]
INFO: Run Behavior\ParseTemplate [ RunTime:0.069221s ]
INFO: [ view_parse ] --END-- [ RunTime:0.069360s ]
INFO: [ view_filter ] --START--
INFO: Run Behavior\WriteHtmlCache [ RunTime:0.000685s ]
INFO: [ view_filter ] --END-- [ RunTime:0.000742s ]
INFO: [ app_end ] --START--
INFO: Run Behavior\ShowPageTrace [ RunTime:0.001030s ]
INFO: [ app_end ] --END-- [ RunTime:0.001136s ]

[ 2017-08-12T16:44:13+08:00 ] 127.0.0.1 /index.php?s=/Home/Notice/detail/id/5.html
SQL: SHOW COLUMNS FROM `onethink_document` [ RunTime:0.008200s ]
SQL: SELECT d.id,d.title,da.content,d.create_time FROM onethink_document d INNER JOIN onethink_document_article da  ON d.id = da.id  WHERE ( d.id = '5' )  [ RunTime:0.000297s ]
INFO: [ view_parse ] --START--
INFO: [ template_filter ] --START--
INFO: Run Behavior\ContentReplace [ RunTime:0.000041s ]
INFO: [ template_filter ] --END-- [ RunTime:0.000090s ]
INFO: Run Behavior\ParseTemplate [ RunTime:0.006859s ]
INFO: [ view_parse ] --END-- [ RunTime:0.006926s ]
INFO: [ view_filter ] --START--
INFO: Run Behavior\WriteHtmlCache [ RunTime:0.000186s ]
INFO: [ view_filter ] --END-- [ RunTime:0.000214s ]
INFO: [ app_end ] --START--
INFO: Run Behavior\ShowPageTrace [ RunTime:0.000350s ]
INFO: [ app_end ] --END-- [ RunTime:0.000382s ]

[ 2017-08-12T16:54:13+08:00 ] 127.0.0.1 /
SQL: SHOW COLUMNS FROM `onethink_category` [ RunTime:0.049781s ]
SQL: SELECT `id`,`name`,`title`,`pid`,`sort`,`list_row`,`meta_title`,`keywords`,`description`,`template_index`,`template_lists`,`template_detail`,`template_edit`,`model`,`type`,`link_id`,`allow_publish`,`display`,`reply`,`check`,`reply_model`,`extend`,`create_time`,`update_time`,`status`,`icon` FROM `onethink_category` WHERE ( `status` = 1 ) ORDER BY sort  [ RunTime:0.000631s ]
SQL: SHOW COLUMNS FROM `onethink_document` [ RunTime:0.043836s ]
SQL: SELECT `id`,`uid`,`name`,`title`,`category_id`,`description`,`root`,`pid`,`model_id`,`type`,`position`,`link_id`,`cover_id`,`display`,`deadline`,`attach`,`view`,`comment`,`extend`,`level`,`create_time`,`update_time`,`status` FROM `onethink_document` WHERE ( `status` = 1 ) AND ( `pid` = 0 ) AND ( `create_time` < 1502528052 ) AND ( deadline = 0 OR deadline > 1502528052 ) ORDER BY `id` DESC  [ RunTime:0.001153s ]
INFO: [ view_parse ] --START--
INFO: [ template_filter ] --START--
INFO: Run Behavior\ContentReplace [ RunTime:0.000082s ]
INFO: [ template_filter ] --END-- [ RunTime:0.000153s ]
INFO: Run Behavior\ParseTemplate [ RunTime:0.238929s ]
INFO: [ view_parse ] --END-- [ RunTime:0.239004s ]
INFO: [ view_filter ] --START--
INFO: Run Behavior\WriteHtmlCache [ RunTime:0.000641s ]
INFO: [ view_filter ] --END-- [ RunTime:0.000696s ]
INFO: [ app_end ] --START--
INFO: Run Behavior\ShowPageTrace [ RunTime:0.000921s ]
INFO: [ app_end ] --END-- [ RunTime:0.000983s ]

[ 2017-08-12T16:54:13+08:00 ] 127.0.0.1 /
SQL: SHOW COLUMNS FROM `onethink_category` [ RunTime:0.041647s ]
SQL: SELECT `id`,`name`,`title`,`pid`,`sort`,`list_row`,`meta_title`,`keywords`,`description`,`template_index`,`template_lists`,`template_detail`,`template_edit`,`model`,`type`,`link_id`,`allow_publish`,`display`,`reply`,`check`,`reply_model`,`extend`,`create_time`,`update_time`,`status`,`icon` FROM `onethink_category` WHERE ( `status` = 1 ) ORDER BY sort  [ RunTime:0.000755s ]
SQL: SHOW COLUMNS FROM `onethink_document` [ RunTime:0.034382s ]
SQL: SELECT `id`,`uid`,`name`,`title`,`category_id`,`description`,`root`,`pid`,`model_id`,`type`,`position`,`link_id`,`cover_id`,`display`,`deadline`,`attach`,`view`,`comment`,`extend`,`level`,`create_time`,`update_time`,`status` FROM `onethink_document` WHERE ( `status` = 1 ) AND ( `pid` = 0 ) AND ( `create_time` < 1502528053 ) AND ( deadline = 0 OR deadline > 1502528053 ) ORDER BY `id` DESC  [ RunTime:0.001136s ]
INFO: [ view_parse ] --START--
INFO: [ template_filter ] --START--
INFO: Run Behavior\ContentReplace [ RunTime:0.000076s ]
INFO: [ template_filter ] --END-- [ RunTime:0.000139s ]
INFO: Run Behavior\ParseTemplate [ RunTime:0.027497s ]
INFO: [ view_parse ] --END-- [ RunTime:0.027576s ]
INFO: [ view_filter ] --START--
INFO: Run Behavior\WriteHtmlCache [ RunTime:0.000374s ]
INFO: [ view_filter ] --END-- [ RunTime:0.000419s ]
INFO: [ app_end ] --START--
INFO: Run Behavior\ShowPageTrace [ RunTime:0.000654s ]
INFO: [ app_end ] --END-- [ RunTime:0.000712s ]

[ 2017-08-12T16:54:17+08:00 ] 127.0.0.1 /index.php?s=/Home/Notice/index.html
SQL: SHOW COLUMNS FROM `onethink_document` [ RunTime:0.033712s ]
SQL: SELECT d.description,d.id,d.title,da.path,d.create_time,d.view FROM onethink_document d INNER JOIN onethink_picture da  ON d.id = da.id   [ RunTime:0.004240s ]
INFO: [ view_parse ] --START--
INFO: [ template_filter ] --START--
INFO: Run Behavior\ContentReplace [ RunTime:0.000062s ]
INFO: [ template_filter ] --END-- [ RunTime:0.000127s ]
INFO: Run Behavior\ParseTemplate [ RunTime:0.036321s ]
INFO: [ view_parse ] --END-- [ RunTime:0.036403s ]
INFO: [ view_filter ] --START--
INFO: Run Behavior\WriteHtmlCache [ RunTime:0.000358s ]
INFO: [ view_filter ] --END-- [ RunTime:0.000562s ]
INFO: [ app_end ] --START--
INFO: Run Behavior\ShowPageTrace [ RunTime:0.000617s ]
INFO: [ app_end ] --END-- [ RunTime:0.000685s ]

